<?xml version="1.0" encoding="UTF-8"?>
<testsuite xmlns:xsi="http://www.w3.org/2001/XMLSchema-instance" xsi:noNamespaceSchemaLocation="https://maven.apache.org/surefire/maven-surefire-plugin/xsd/surefire-test-report.xsd" name="com.aninfo.RunCucumberTest" time="2.343" tests="10" errors="9" skipped="0" failures="0">
  <properties>
[...]
</properties>
  <testcase name="create hours to a resource" classname="create update delete or hours to a project" time="0.277">
    <error message="Step [a resource id {int} who works {int} hours in the task {int}] is defined with 4 parameters at &apos;com.aninfo.steps.HoursStepDefinitions.a_resource_id_who_works_hours_in_the_task(java.lang.Integer,java.lang.Integer,java.lang.Integer,java.lang.Integer)&apos;.&#10;However, the gherkin step has 3 arguments:&#10; * 14&#10; * 3&#10; * 190&#10;Step text: a resource id 14 who works 3 hours in the task 190" type="io.cucumber.core.exception.CucumberException">io.cucumber.core.exception.CucumberException: 
Step [a resource id {int} who works {int} hours in the task {int}] is defined with 4 parameters at 'com.aninfo.steps.HoursStepDefinitions.a_resource_id_who_works_hours_in_the_task(java.lang.Integer,java.lang.Integer,java.lang.Integer,java.lang.Integer)'.
However, the gherkin step has 3 arguments:
 * 14
 * 3
 * 190
Step text: a resource id 14 who works 3 hours in the task 190
</error>
    <system-out><![CDATA[
Scenario: create hours to a resource                           &amp#27;[90m# src/test/resources/features/hours.feature:3&amp#27;[0m
  &amp#27;[31mGiven &amp#27;[0m&amp#27;[31ma resource id &amp#27;[0m&amp#27;[31m&amp#27;[1m14&amp#27;[0m&amp#27;[31m who works &amp#27;[0m&amp#27;[31m&amp#27;[1m3&amp#27;[0m&amp#27;[31m hours in the task &amp#27;[0m&amp#27;[31m&amp#27;[1m190&amp#27;[0m     &amp#27;[90m# com.aninfo.steps.HoursStepDefinitions.a_resource_id_who_works_hours_in_the_task(java.lang.Integer,java.lang.Integer,java.lang.Integer,java.lang.Integer)&amp#27;[0m
      &amp#27;[31mio.cucumber.core.exception.CucumberException: Step [a resource id {int} who works {int} hours in the task {int}] is defined with 4 parameters at 'com.aninfo.steps.HoursStepDefinitions.a_resource_id_who_works_hours_in_the_task(java.lang.Integer,java.lang.Integer,java.lang.Integer,java.lang.Integer)'.
However, the gherkin step has 3 arguments:
 * 14
 * 3
 * 190
Step text: a resource id 14 who works 3 hours in the task 190
	at io.cucumber.core.runner.PickleStepDefinitionMatch.arityMismatch(PickleStepDefinitionMatch.java:83)
	at io.cucumber.core.runner.PickleStepDefinitionMatch.runStep(PickleStepDefinitionMatch.java:42)
	at io.cucumber.core.runner.ExecutionMode$1.execute(ExecutionMode.java:10)
	at io.cucumber.core.runner.TestStep.executeStep(TestStep.java:92)
	at io.cucumber.core.runner.TestStep.run(TestStep.java:64)
	at io.cucumber.core.runner.PickleStepTestStep.run(PickleStepTestStep.java:51)
	at io.cucumber.core.runner.TestCase.run(TestCase.java:104)
	at io.cucumber.core.runner.Runner.runPickle(Runner.java:71)
	at io.cucumber.junit.PickleRunners$NoStepDescriptions.run(PickleRunners.java:151)
	at io.cucumber.junit.FeatureRunner.runChild(FeatureRunner.java:135)
	at io.cucumber.junit.FeatureRunner.runChild(FeatureRunner.java:27)
	at org.junit.runners.ParentRunner$4.run(ParentRunner.java:331)
	at org.junit.runners.ParentRunner$1.schedule(ParentRunner.java:79)
	at org.junit.runners.ParentRunner.runChildren(ParentRunner.java:329)
	at org.junit.runners.ParentRunner.access$100(ParentRunner.java:66)
	at org.junit.runners.ParentRunner$2.evaluate(ParentRunner.java:293)
	at org.junit.runners.ParentRunner$3.evaluate(ParentRunner.java:306)
	at org.junit.runners.ParentRunner.run(ParentRunner.java:413)
	at io.cucumber.junit.Cucumber.runChild(Cucumber.java:199)
	at io.cucumber.junit.Cucumber.runChild(Cucumber.java:90)
	at org.junit.runners.ParentRunner$4.run(ParentRunner.java:331)
	at org.junit.runners.ParentRunner$1.schedule(ParentRunner.java:79)
	at org.junit.runners.ParentRunner.runChildren(ParentRunner.java:329)
	at org.junit.runners.ParentRunner.access$100(ParentRunner.java:66)
	at org.junit.runners.ParentRunner$2.evaluate(ParentRunner.java:293)
	at io.cucumber.junit.Cucumber$RunCucumber.evaluate(Cucumber.java:234)
	at org.junit.runners.ParentRunner$3.evaluate(ParentRunner.java:306)
	at org.junit.runners.ParentRunner.run(ParentRunner.java:413)
	at org.apache.maven.surefire.junit4.JUnit4Provider.execute(JUnit4Provider.java:365)
	at org.apache.maven.surefire.junit4.JUnit4Provider.executeWithRerun(JUnit4Provider.java:273)
	at org.apache.maven.surefire.junit4.JUnit4Provider.executeTestSet(JUnit4Provider.java:238)
	at org.apache.maven.surefire.junit4.JUnit4Provider.invoke(JUnit4Provider.java:159)
	at org.apache.maven.surefire.booter.ForkedBooter.invokeProviderInSameClassLoader(ForkedBooter.java:379)
	at org.apache.maven.surefire.booter.ForkedBooter.runSuitesInProcess(ForkedBooter.java:340)
	at org.apache.maven.surefire.booter.ForkedBooter.execute(ForkedBooter.java:125)
	at org.apache.maven.surefire.booter.ForkedBooter.main(ForkedBooter.java:413)
&amp#27;[0m
  &amp#27;[36mWhen &amp#27;[0m&amp#27;[36msave the hours&amp#27;[0m                                          &amp#27;[90m# com.aninfo.steps.HoursStepDefinitions.save_the_hours()&amp#27;[0m
  &amp#27;[36mThen &amp#27;[0m&amp#27;[36mthe resource id &amp#27;[0m&amp#27;[36m&amp#27;[1m14&amp#27;[0m&amp#27;[36m has &amp#27;[0m&amp#27;[36m&amp#27;[1m3&amp#27;[0m&amp#27;[36m hours assigned in the task &amp#27;[0m&amp#27;[36m&amp#27;[1m190&amp#27;[0m &amp#27;[90m# com.aninfo.steps.HoursStepDefinitions.the_resource_id_has_hours_assigned_in_the_task(java.lang.Integer,java.lang.Integer,java.lang.Integer)&amp#27;[0m
]]></system-out>
  </testcase>
  <testcase name="create negative hours to a resource" classname="create update delete or hours to a project" time="0.01">
    <error message="The step &quot;a resource id 19 who works the task 150&quot; is undefined. You can implement it using the snippet(s) below:&#10;&#10;@Given(&quot;a resource id {int} who works the task {int}&quot;)&#10;public void a_resource_id_who_works_the_task(Integer int1, Integer int2) {&#10;    // Write code here that turns the phrase above into concrete actions&#10;    throw new io.cucumber.java.PendingException();&#10;}&#10;&#10;&#10;Some other steps were also undefined:&#10;&#10;@When(&quot;add {int} hours to the resource id {int}&quot;)&#10;public void add_hours_to_the_resource_id(Integer int1, Integer int2) {&#10;    // Write code here that turns the phrase above into concrete actions&#10;    throw new io.cucumber.java.PendingException();&#10;}&#10;@Then(&quot;i get invalid number error&quot;)&#10;public void i_get_invalid_number_error() {&#10;    // Write code here that turns the phrase above into concrete actions&#10;    throw new io.cucumber.java.PendingException();&#10;}&#10;" type="io.cucumber.junit.UndefinedStepException">io.cucumber.junit.UndefinedStepException: 
The step "a resource id 19 who works the task 150" is undefined. You can implement it using the snippet(s) below:

@Given("a resource id {int} who works the task {int}")
public void a_resource_id_who_works_the_task(Integer int1, Integer int2) {
    // Write code here that turns the phrase above into concrete actions
    throw new io.cucumber.java.PendingException();
}


Some other steps were also undefined:

@When("add {int} hours to the resource id {int}")
public void add_hours_to_the_resource_id(Integer int1, Integer int2) {
    // Write code here that turns the phrase above into concrete actions
    throw new io.cucumber.java.PendingException();
}
@Then("i get invalid number error")
public void i_get_invalid_number_error() {
    // Write code here that turns the phrase above into concrete actions
    throw new io.cucumber.java.PendingException();
}

</error>
    <system-out><![CDATA[
Scenario: create negative hours to a resource   &amp#27;[90m# src/test/resources/features/hours.feature:8&amp#27;[0m
  &amp#27;[33mGiven &amp#27;[0m&amp#27;[33ma resource id 19 who works the task 150&amp#27;[0m &amp#27;[90m# null&amp#27;[0m
  &amp#27;[36mWhen &amp#27;[0m&amp#27;[36madd -3 hours to the resource id 19&amp#27;[0m       &amp#27;[90m# null&amp#27;[0m
  &amp#27;[36mThen &amp#27;[0m&amp#27;[36mi get invalid number error&amp#27;[0m               &amp#27;[90m# null&amp#27;[0m
]]></system-out>
  </testcase>
  <testcase name="create zero hours to a resource" classname="create update delete or hours to a project" time="0.011">
    <error message="The step &quot;a resource id 19 who works the task 150&quot; is undefined. You can implement it using the snippet(s) below:&#10;&#10;@Given(&quot;a resource id {int} who works the task {int}&quot;)&#10;public void a_resource_id_who_works_the_task(Integer int1, Integer int2) {&#10;    // Write code here that turns the phrase above into concrete actions&#10;    throw new io.cucumber.java.PendingException();&#10;}&#10;&#10;&#10;Some other steps were also undefined:&#10;&#10;@When(&quot;add {int} hours to the resource id {int}&quot;)&#10;public void add_hours_to_the_resource_id(Integer int1, Integer int2) {&#10;    // Write code here that turns the phrase above into concrete actions&#10;    throw new io.cucumber.java.PendingException();&#10;}&#10;@Then(&quot;i get invalid number error&quot;)&#10;public void i_get_invalid_number_error() {&#10;    // Write code here that turns the phrase above into concrete actions&#10;    throw new io.cucumber.java.PendingException();&#10;}&#10;" type="io.cucumber.junit.UndefinedStepException">io.cucumber.junit.UndefinedStepException: 
The step "a resource id 19 who works the task 150" is undefined. You can implement it using the snippet(s) below:

@Given("a resource id {int} who works the task {int}")
public void a_resource_id_who_works_the_task(Integer int1, Integer int2) {
    // Write code here that turns the phrase above into concrete actions
    throw new io.cucumber.java.PendingException();
}


Some other steps were also undefined:

@When("add {int} hours to the resource id {int}")
public void add_hours_to_the_resource_id(Integer int1, Integer int2) {
    // Write code here that turns the phrase above into concrete actions
    throw new io.cucumber.java.PendingException();
}
@Then("i get invalid number error")
public void i_get_invalid_number_error() {
    // Write code here that turns the phrase above into concrete actions
    throw new io.cucumber.java.PendingException();
}

</error>
    <system-out><![CDATA[
Scenario: create zero hours to a resource       &amp#27;[90m# src/test/resources/features/hours.feature:13&amp#27;[0m
  &amp#27;[33mGiven &amp#27;[0m&amp#27;[33ma resource id 19 who works the task 150&amp#27;[0m &amp#27;[90m# null&amp#27;[0m
  &amp#27;[36mWhen &amp#27;[0m&amp#27;[36madd 0 hours to the resource id 19&amp#27;[0m        &amp#27;[90m# null&amp#27;[0m
  &amp#27;[36mThen &amp#27;[0m&amp#27;[36mi get invalid number error&amp#27;[0m               &amp#27;[90m# null&amp#27;[0m
]]></system-out>
  </testcase>
  <testcase name="create more than 24 hours to a resource" classname="create update delete or hours to a project" time="0.014">
    <error message="The step &quot;a resource id 22 who works the task 148&quot; is undefined. You can implement it using the snippet(s) below:&#10;&#10;@Given(&quot;a resource id {int} who works the task {int}&quot;)&#10;public void a_resource_id_who_works_the_task(Integer int1, Integer int2) {&#10;    // Write code here that turns the phrase above into concrete actions&#10;    throw new io.cucumber.java.PendingException();&#10;}&#10;&#10;&#10;Some other steps were also undefined:&#10;&#10;@When(&quot;add {int} hours to the resource id {int}&quot;)&#10;public void add_hours_to_the_resource_id(Integer int1, Integer int2) {&#10;    // Write code here that turns the phrase above into concrete actions&#10;    throw new io.cucumber.java.PendingException();&#10;}&#10;@Then(&quot;i get invalid number error&quot;)&#10;public void i_get_invalid_number_error() {&#10;    // Write code here that turns the phrase above into concrete actions&#10;    throw new io.cucumber.java.PendingException();&#10;}&#10;" type="io.cucumber.junit.UndefinedStepException">io.cucumber.junit.UndefinedStepException: 
The step "a resource id 22 who works the task 148" is undefined. You can implement it using the snippet(s) below:

@Given("a resource id {int} who works the task {int}")
public void a_resource_id_who_works_the_task(Integer int1, Integer int2) {
    // Write code here that turns the phrase above into concrete actions
    throw new io.cucumber.java.PendingException();
}


Some other steps were also undefined:

@When("add {int} hours to the resource id {int}")
public void add_hours_to_the_resource_id(Integer int1, Integer int2) {
    // Write code here that turns the phrase above into concrete actions
    throw new io.cucumber.java.PendingException();
}
@Then("i get invalid number error")
public void i_get_invalid_number_error() {
    // Write code here that turns the phrase above into concrete actions
    throw new io.cucumber.java.PendingException();
}

</error>
    <system-out><![CDATA[
Scenario: create more than 24 hours to a resource &amp#27;[90m# src/test/resources/features/hours.feature:18&amp#27;[0m
  &amp#27;[33mGiven &amp#27;[0m&amp#27;[33ma resource id 22 who works the task 148&amp#27;[0m   &amp#27;[90m# null&amp#27;[0m
  &amp#27;[36mWhen &amp#27;[0m&amp#27;[36madd 25 hours to the resource id 22&amp#27;[0m         &amp#27;[90m# null&amp#27;[0m
  &amp#27;[36mThen &amp#27;[0m&amp#27;[36mi get invalid number error&amp#27;[0m                 &amp#27;[90m# null&amp#27;[0m
]]></system-out>
  </testcase>
  <testcase name="assign a hours worked to a task" classname="create update delete or hours to a project" time="0.017">
    <error message="The step &quot;a resource id 15 who works 2 hours in a task 350&quot; is undefined. You can implement it using the snippet(s) below:&#10;&#10;@Given(&quot;a resource id {int} who works {int} hours in a task {int}&quot;)&#10;public void a_resource_id_who_works_hours_in_a_task(Integer int1, Integer int2, Integer int3) {&#10;    // Write code here that turns the phrase above into concrete actions&#10;    throw new io.cucumber.java.PendingException();&#10;}&#10;&#10;&#10;Some other steps were also undefined:&#10;&#10;@When(&quot;i assign the hours to the task {int}&quot;)&#10;public void i_assign_the_hours_to_the_task(Integer int1) {&#10;    // Write code here that turns the phrase above into concrete actions&#10;    throw new io.cucumber.java.PendingException();&#10;}&#10;@Then(&quot;the resource id {int} has {int} hours assigned to a task {int}&quot;)&#10;public void the_resource_id_has_hours_assigned_to_a_task(Integer int1, Integer int2, Integer int3) {&#10;    // Write code here that turns the phrase above into concrete actions&#10;    throw new io.cucumber.java.PendingException();&#10;}&#10;" type="io.cucumber.junit.UndefinedStepException">io.cucumber.junit.UndefinedStepException: 
The step "a resource id 15 who works 2 hours in a task 350" is undefined. You can implement it using the snippet(s) below:

@Given("a resource id {int} who works {int} hours in a task {int}")
public void a_resource_id_who_works_hours_in_a_task(Integer int1, Integer int2, Integer int3) {
    // Write code here that turns the phrase above into concrete actions
    throw new io.cucumber.java.PendingException();
}


Some other steps were also undefined:

@When("i assign the hours to the task {int}")
public void i_assign_the_hours_to_the_task(Integer int1) {
    // Write code here that turns the phrase above into concrete actions
    throw new io.cucumber.java.PendingException();
}
@Then("the resource id {int} has {int} hours assigned to a task {int}")
public void the_resource_id_has_hours_assigned_to_a_task(Integer int1, Integer int2, Integer int3) {
    // Write code here that turns the phrase above into concrete actions
    throw new io.cucumber.java.PendingException();
}

</error>
    <system-out><![CDATA[
Scenario: assign a hours worked to a task                    &amp#27;[90m# src/test/resources/features/hours.feature:23&amp#27;[0m
  &amp#27;[33mGiven &amp#27;[0m&amp#27;[33ma resource id 15 who works 2 hours in a task 350&amp#27;[0m     &amp#27;[90m# null&amp#27;[0m
  &amp#27;[36mWhen &amp#27;[0m&amp#27;[36mi assign the hours to the task 350&amp#27;[0m                    &amp#27;[90m# null&amp#27;[0m
  &amp#27;[36mThen &amp#27;[0m&amp#27;[36mthe resource id 15 has 2 hours assigned to a task 350&amp#27;[0m &amp#27;[90m# null&amp#27;[0m
]]></system-out>
  </testcase>
  <testcase name="update hours from a resource" classname="create update delete or hours to a project" time="0.027">
    <error message="The step &quot;a resource id 17 with 3 hours assigned to a task 350&quot; is undefined. You can implement it using the snippet(s) below:&#10;&#10;@Given(&quot;a resource id {int} with {int} hours assigned to a task {int}&quot;)&#10;public void a_resource_id_with_hours_assigned_to_a_task(Integer int1, Integer int2, Integer int3) {&#10;    // Write code here that turns the phrase above into concrete actions&#10;    throw new io.cucumber.java.PendingException();&#10;}&#10;&#10;&#10;Some other steps were also undefined:&#10;&#10;@When(&quot;i modify the task {int}&quot;)&#10;public void i_modify_the_task(Integer int1) {&#10;    // Write code here that turns the phrase above into concrete actions&#10;    throw new io.cucumber.java.PendingException();&#10;}&#10;@Then(&quot;the resource id {int} has {int} hours assigned to the new task {int}&quot;)&#10;public void the_resource_id_has_hours_assigned_to_the_new_task(Integer int1, Integer int2, Integer int3) {&#10;    // Write code here that turns the phrase above into concrete actions&#10;    throw new io.cucumber.java.PendingException();&#10;}&#10;" type="io.cucumber.junit.UndefinedStepException">io.cucumber.junit.UndefinedStepException: 
The step "a resource id 17 with 3 hours assigned to a task 350" is undefined. You can implement it using the snippet(s) below:

@Given("a resource id {int} with {int} hours assigned to a task {int}")
public void a_resource_id_with_hours_assigned_to_a_task(Integer int1, Integer int2, Integer int3) {
    // Write code here that turns the phrase above into concrete actions
    throw new io.cucumber.java.PendingException();
}


Some other steps were also undefined:

@When("i modify the task {int}")
public void i_modify_the_task(Integer int1) {
    // Write code here that turns the phrase above into concrete actions
    throw new io.cucumber.java.PendingException();
}
@Then("the resource id {int} has {int} hours assigned to the new task {int}")
public void the_resource_id_has_hours_assigned_to_the_new_task(Integer int1, Integer int2, Integer int3) {
    // Write code here that turns the phrase above into concrete actions
    throw new io.cucumber.java.PendingException();
}

</error>
    <system-out><![CDATA[
Scenario: update hours from a resource                             &amp#27;[90m# src/test/resources/features/hours.feature:28&amp#27;[0m
  &amp#27;[33mGiven &amp#27;[0m&amp#27;[33ma resource id 17 with 3 hours assigned to a task 350&amp#27;[0m       &amp#27;[90m# null&amp#27;[0m
  &amp#27;[36mWhen &amp#27;[0m&amp#27;[36mi modify the task 350&amp#27;[0m                                       &amp#27;[90m# null&amp#27;[0m
  &amp#27;[36mThen &amp#27;[0m&amp#27;[36mthe resource id 17 has 3 hours assigned to the new task 174&amp#27;[0m &amp#27;[90m# null&amp#27;[0m
]]></system-out>
  </testcase>
  <testcase name="update date from the hours of a resource" classname="create update delete or hours to a project" time="0.026">
    <error message="The step &quot;a resource id 15 with 4 hours on 20210115 assigned to task 244&quot; is undefined. You can implement it using the snippet(s) below:&#10;&#10;@Given(&quot;a resource id {int} with {int} hours on {int} assigned to task {int}&quot;)&#10;public void a_resource_id_with_hours_on_assigned_to_task(Integer int1, Integer int2, Integer int3, Integer int4) {&#10;    // Write code here that turns the phrase above into concrete actions&#10;    throw new io.cucumber.java.PendingException();&#10;}&#10;&#10;&#10;Some other steps were also undefined:&#10;&#10;@When(&quot;i modify the date to {int}&quot;)&#10;public void i_modify_the_date_to(Integer int1) {&#10;    // Write code here that turns the phrase above into concrete actions&#10;    throw new io.cucumber.java.PendingException();&#10;}&#10;@Then(&quot;the date of the {int} hours assigned to resource ir {int} to task {int} is {int}&quot;)&#10;public void the_date_of_the_hours_assigned_to_resource_ir_to_task_is(Integer int1, Integer int2, Integer int3, Integer int4) {&#10;    // Write code here that turns the phrase above into concrete actions&#10;    throw new io.cucumber.java.PendingException();&#10;}&#10;" type="io.cucumber.junit.UndefinedStepException">io.cucumber.junit.UndefinedStepException: 
The step "a resource id 15 with 4 hours on 20210115 assigned to task 244" is undefined. You can implement it using the snippet(s) below:

@Given("a resource id {int} with {int} hours on {int} assigned to task {int}")
public void a_resource_id_with_hours_on_assigned_to_task(Integer int1, Integer int2, Integer int3, Integer int4) {
    // Write code here that turns the phrase above into concrete actions
    throw new io.cucumber.java.PendingException();
}


Some other steps were also undefined:

@When("i modify the date to {int}")
public void i_modify_the_date_to(Integer int1) {
    // Write code here that turns the phrase above into concrete actions
    throw new io.cucumber.java.PendingException();
}
@Then("the date of the {int} hours assigned to resource ir {int} to task {int} is {int}")
public void the_date_of_the_hours_assigned_to_resource_ir_to_task_is(Integer int1, Integer int2, Integer int3, Integer int4) {
    // Write code here that turns the phrase above into concrete actions
    throw new io.cucumber.java.PendingException();
}

</error>
    <system-out><![CDATA[
Scenario: update date from the hours of a resource                                &amp#27;[90m# src/test/resources/features/hours.feature:33&amp#27;[0m
  &amp#27;[33mGiven &amp#27;[0m&amp#27;[33ma resource id 15 with 4 hours on 20210115 assigned to task 244&amp#27;[0m            &amp#27;[90m# null&amp#27;[0m
  &amp#27;[36mWhen &amp#27;[0m&amp#27;[36mi modify the date to 20210114&amp#27;[0m                                              &amp#27;[90m# null&amp#27;[0m
  &amp#27;[36mThen &amp#27;[0m&amp#27;[36mthe date of the 4 hours assigned to resource ir 15 to task 244 is 20210114&amp#27;[0m &amp#27;[90m# null&amp#27;[0m
]]></system-out>
  </testcase>
  <testcase name="delete hours worked from a task" classname="create update delete or hours to a project" time="0.014">
    <error message="The step &quot;a resource id 4 with 10 hours worked from a task 204&quot; is undefined. You can implement it using the snippet(s) below:&#10;&#10;@Given(&quot;a resource id {int} with {int} hours worked from a task {int}&quot;)&#10;public void a_resource_id_with_hours_worked_from_a_task(Integer int1, Integer int2, Integer int3) {&#10;    // Write code here that turns the phrase above into concrete actions&#10;    throw new io.cucumber.java.PendingException();&#10;}&#10;&#10;&#10;Some other steps were also undefined:&#10;&#10;@When(&quot;i delete {int} hours from the task {int}&quot;)&#10;public void i_delete_hours_from_the_task(Integer int1, Integer int2) {&#10;    // Write code here that turns the phrase above into concrete actions&#10;    throw new io.cucumber.java.PendingException();&#10;}&#10;@Then(&quot;the resource id {int} has {int} hours assigned to the task {int}&quot;)&#10;public void the_resource_id_has_hours_assigned_to_the_task(Integer int1, Integer int2, Integer int3) {&#10;    // Write code here that turns the phrase above into concrete actions&#10;    throw new io.cucumber.java.PendingException();&#10;}&#10;" type="io.cucumber.junit.UndefinedStepException">io.cucumber.junit.UndefinedStepException: 
The step "a resource id 4 with 10 hours worked from a task 204" is undefined. You can implement it using the snippet(s) below:

@Given("a resource id {int} with {int} hours worked from a task {int}")
public void a_resource_id_with_hours_worked_from_a_task(Integer int1, Integer int2, Integer int3) {
    // Write code here that turns the phrase above into concrete actions
    throw new io.cucumber.java.PendingException();
}


Some other steps were also undefined:

@When("i delete {int} hours from the task {int}")
public void i_delete_hours_from_the_task(Integer int1, Integer int2) {
    // Write code here that turns the phrase above into concrete actions
    throw new io.cucumber.java.PendingException();
}
@Then("the resource id {int} has {int} hours assigned to the task {int}")
public void the_resource_id_has_hours_assigned_to_the_task(Integer int1, Integer int2, Integer int3) {
    // Write code here that turns the phrase above into concrete actions
    throw new io.cucumber.java.PendingException();
}

</error>
    <system-out><![CDATA[
Scenario: delete hours worked from a task                     &amp#27;[90m# src/test/resources/features/hours.feature:38&amp#27;[0m
  &amp#27;[33mGiven &amp#27;[0m&amp#27;[33ma resource id 4 with 10 hours worked from a task 204&amp#27;[0m  &amp#27;[90m# null&amp#27;[0m
  &amp#27;[36mWhen &amp#27;[0m&amp#27;[36mi delete 2 hours from the task 204&amp#27;[0m                     &amp#27;[90m# null&amp#27;[0m
  &amp#27;[36mThen &amp#27;[0m&amp#27;[36mthe resource id 4 has 8 hours assigned to the task 204&amp#27;[0m &amp#27;[90m# null&amp#27;[0m
]]></system-out>
  </testcase>
  <testcase name="confirm the delete of hours" classname="create update delete or hours to a project" time="0.016">
    <error message="The step &quot;a resource id 154 with 10 hours worked from a task 154&quot; is undefined. You can implement it using the snippet(s) below:&#10;&#10;@Given(&quot;a resource id {int} with {int} hours worked from a task {int}&quot;)&#10;public void a_resource_id_with_hours_worked_from_a_task(Integer int1, Integer int2, Integer int3) {&#10;    // Write code here that turns the phrase above into concrete actions&#10;    throw new io.cucumber.java.PendingException();&#10;}&#10;&#10;&#10;Some other steps were also undefined:&#10;&#10;@When(&quot;i delete {int} hours from the resource id {int} task {int}&quot;)&#10;public void i_delete_hours_from_the_resource_id_task(Integer int1, Integer int2, Integer int3) {&#10;    // Write code here that turns the phrase above into concrete actions&#10;    throw new io.cucumber.java.PendingException();&#10;}&#10;@Then(&quot;the system ask me to confirm&quot;)&#10;public void the_system_ask_me_to_confirm() {&#10;    // Write code here that turns the phrase above into concrete actions&#10;    throw new io.cucumber.java.PendingException();&#10;}&#10;" type="io.cucumber.junit.UndefinedStepException">io.cucumber.junit.UndefinedStepException: 
The step "a resource id 154 with 10 hours worked from a task 154" is undefined. You can implement it using the snippet(s) below:

@Given("a resource id {int} with {int} hours worked from a task {int}")
public void a_resource_id_with_hours_worked_from_a_task(Integer int1, Integer int2, Integer int3) {
    // Write code here that turns the phrase above into concrete actions
    throw new io.cucumber.java.PendingException();
}


Some other steps were also undefined:

@When("i delete {int} hours from the resource id {int} task {int}")
public void i_delete_hours_from_the_resource_id_task(Integer int1, Integer int2, Integer int3) {
    // Write code here that turns the phrase above into concrete actions
    throw new io.cucumber.java.PendingException();
}
@Then("the system ask me to confirm")
public void the_system_ask_me_to_confirm() {
    // Write code here that turns the phrase above into concrete actions
    throw new io.cucumber.java.PendingException();
}

</error>
    <system-out><![CDATA[
Scenario: confirm the delete of hours                          &amp#27;[90m# src/test/resources/features/hours.feature:43&amp#27;[0m
  &amp#27;[33mGiven &amp#27;[0m&amp#27;[33ma resource id 154 with 10 hours worked from a task 154&amp#27;[0m &amp#27;[90m# null&amp#27;[0m
  &amp#27;[36mWhen &amp#27;[0m&amp#27;[36mi delete 2 hours from the resource id 154 task 154&amp#27;[0m      &amp#27;[90m# null&amp#27;[0m
  &amp#27;[36mThen &amp#27;[0m&amp#27;[36mthe system ask me to confirm&amp#27;[0m                            &amp#27;[90m# null&amp#27;[0m
]]></system-out>
  </testcase>
  <testcase name="reading resources from external system" classname="reading resources from external system" time="1.305"/>
</testsuite>